<?xml version="1.0" encoding="UTF-8"?>
<testng-results skipped="0" failed="0" ignored="0" total="2" passed="2">
  <reporter-output>
  </reporter-output>
  <suite name="Default suite" duration-ms="2054" started-at="2018-07-20T07:09:43Z" finished-at="2018-07-20T07:09:45Z">
    <groups>
    </groups>
    <test name="Default test" duration-ms="2054" started-at="2018-07-20T07:09:43Z" finished-at="2018-07-20T07:09:45Z">
      <class name="com.qa.test.RestClientGetTest">
        <test-method status="PASS" signature="setup()[pri:0, instance:com.qa.test.RestClientGetTest@37374a5e]" name="setup" is-config="true" duration-ms="5" started-at="2018-07-20T07:09:43Z" finished-at="2018-07-20T07:09:43Z">
          <reporter-output>
          </reporter-output>
        </test-method> <!-- setup -->
        <test-method status="PASS" signature="getWithHeaderTest()[pri:0, instance:com.qa.test.RestClientGetTest@37374a5e]" name="getWithHeaderTest" duration-ms="1342" started-at="2018-07-20T07:09:43Z" finished-at="2018-07-20T07:09:44Z">
          <reporter-output>
          </reporter-output>
        </test-method> <!-- getWithHeaderTest -->
        <test-method status="PASS" signature="setup()[pri:0, instance:com.qa.test.RestClientGetTest@37374a5e]" name="setup" is-config="true" duration-ms="1" started-at="2018-07-20T07:09:44Z" finished-at="2018-07-20T07:09:44Z">
          <reporter-output>
          </reporter-output>
        </test-method> <!-- setup -->
        <test-method status="PASS" signature="getWithoutHeaderTest()[pri:0, instance:com.qa.test.RestClientGetTest@37374a5e]" name="getWithoutHeaderTest" duration-ms="680" started-at="2018-07-20T07:09:44Z" finished-at="2018-07-20T07:09:45Z">
          <reporter-output>
          </reporter-output>
        </test-method> <!-- getWithoutHeaderTest -->
      </class> <!-- com.qa.test.RestClientGetTest -->
    </test> <!-- Default test -->
  </suite> <!-- Default suite -->
</testng-results>
