<?xml version="1.0" encoding="UTF-8"?>
<testng-results skipped="0" failed="0" ignored="0" total="1" passed="1">
  <reporter-output>
  </reporter-output>
  <suite name="Default suite" duration-ms="2875" started-at="2018-07-23T03:10:21Z" finished-at="2018-07-23T03:10:24Z">
    <groups>
    </groups>
    <test name="Default test" duration-ms="2875" started-at="2018-07-23T03:10:21Z" finished-at="2018-07-23T03:10:24Z">
      <class name="com.qa.test.RestClientPostTest">
        <test-method status="PASS" signature="setUp()[pri:0, instance:com.qa.test.RestClientPostTest@1b26f7b2]" name="setUp" is-config="true" duration-ms="52" started-at="2018-07-23T03:10:21Z" finished-at="2018-07-23T03:10:21Z">
          <reporter-output>
          </reporter-output>
        </test-method> <!-- setUp -->
        <test-method status="PASS" signature="post()[pri:0, instance:com.qa.test.RestClientPostTest@1b26f7b2]" name="post" duration-ms="2802" started-at="2018-07-23T03:10:21Z" finished-at="2018-07-23T03:10:24Z">
          <reporter-output>
          </reporter-output>
        </test-method> <!-- post -->
        <test-method status="PASS" signature="tearDown()[pri:0, instance:com.qa.test.RestClientPostTest@1b26f7b2]" name="tearDown" is-config="true" duration-ms="6" started-at="2018-07-23T03:10:24Z" finished-at="2018-07-23T03:10:24Z">
          <reporter-output>
          </reporter-output>
        </test-method> <!-- tearDown -->
      </class> <!-- com.qa.test.RestClientPostTest -->
    </test> <!-- Default test -->
  </suite> <!-- Default suite -->
</testng-results>
